<?xml version="1.0" encoding="UTF-8"?>
<!-- Generated by org.testng.reporters.JUnitReportReporter -->
<testsuite skipped="0" hostname="LE-17691" name="tester.SignUpTest" tests="1" failures="0" timestamp="25 Sep 2018 09:17:58 GMT" time="291.981" errors="0">
  <testcase name="test_case_luncher" time="291.981" classname="tester.SignUpTest"/>
</testsuite> <!-- tester.SignUpTest -->
